<?xml version="1.0" encoding="UTF-8"?>
<testsuite xmlns:xsi="http://www.w3.org/2001/XMLSchema-instance" xsi:noNamespaceSchemaLocation="https://maven.apache.org/surefire/maven-surefire-plugin/xsd/surefire-test-report-3.0.xsd" version="3.0" name="com.com470.calculadoraApp.service.CalculateSimpleTest" time="0.098" tests="12" errors="0" skipped="0" failures="0">
  <properties>
[...]
</properties>
  <testcase name="subtract" classname="com.com470.calculadoraApp.service.CalculateSimpleTest" time="0.042"/>
  <testcase name="clearSimple" classname="com.com470.calculadoraApp.service.CalculateSimpleTest" time="0.001"/>
  <testcase name="clearAdvanced" classname="com.com470.calculadoraApp.service.CalculateSimpleTest" time="0.001"/>
  <testcase name="divide" classname="com.com470.calculadoraApp.service.CalculateSimpleTest" time="0.003"/>
  <testcase name="factorial" classname="com.com470.calculadoraApp.service.CalculateSimpleTest" time="0.001"/>
  <testcase name="fibonacci" classname="com.com470.calculadoraApp.service.CalculateSimpleTest" time="0.001"/>
  <testcase name="add" classname="com.com470.calculadoraApp.service.CalculateSimpleTest" time="0.002"/>
  <testcase name="sqrt" classname="com.com470.calculadoraApp.service.CalculateSimpleTest" time="0.002"/>
  <testcase name="power" classname="com.com470.calculadoraApp.service.CalculateSimpleTest" time="0.0"/>
  <testcase name="multiply" classname="com.com470.calculadoraApp.service.CalculateSimpleTest" time="0.001"/>
  <testcase name="divideA" classname="com.com470.calculadoraApp.service.CalculateSimpleTest" time="0.001"/>
  <testcase name="divideB" classname="com.com470.calculadoraApp.service.CalculateSimpleTest" time="0.0"/>
</testsuite>