<?xml version="1.0" encoding="UTF-8"?>
<testsuite xmlns:xsi="http://www.w3.org/2001/XMLSchema-instance" xsi:noNamespaceSchemaLocation="https://maven.apache.org/surefire/maven-surefire-plugin/xsd/surefire-test-report.xsd" version="3.0.2" name="org.sqa.test.springboot.app.controllers.CuentaControllerTest" time="5.533" tests="4" errors="0" skipped="0" failures="0">
  <properties>
[...]
</properties>
  <testcase name="testGuardar" classname="org.sqa.test.springboot.app.controllers.CuentaControllerTest" time="0.503">
    <system-err><![CDATA[Mockito is currently self-attaching to enable the inline-mock-maker. This will no longer work in future releases of the JDK. Please add Mockito as an agent to your build as described in Mockito's documentation: https://javadoc.io/doc/org.mockito/mockito-core/latest/org.mockito/org/mockito/Mockito.html#0.3
WARNING: A Java agent has been loaded dynamically (C:\Users\jcbergman\.m2\repository\net\bytebuddy\byte-buddy-agent\1.17.7\byte-buddy-agent-1.17.7.jar)
WARNING: If a serviceability tool is in use, please run with -XX:+EnableDynamicAgentLoading to hide this warning
WARNING: If a serviceability tool is not in use, please run with -Djdk.instrument.traceUsage for more information
WARNING: Dynamic loading of agents will be disallowed by default in a future release
]]></system-err>
  </testcase>
  <testcase name="testDetalle" classname="org.sqa.test.springboot.app.controllers.CuentaControllerTest" time="0.041"/>
  <testcase name="testListar" classname="org.sqa.test.springboot.app.controllers.CuentaControllerTest" time="0.037"/>
  <testcase name="testTransferir" classname="org.sqa.test.springboot.app.controllers.CuentaControllerTest" time="0.019">
    <system-out><![CDATA[{"cuentaOrigenId":1,"cuentaDestinoId":2,"monto":100,"bancoId":1}
{"date":"2025-09-22","transaccion":{"cuentaOrigenId":1,"cuentaDestinoId":2,"monto":100,"bancoId":1},"mensaje":"Transferencia realizada con éxito!","status":"OK"}
]]></system-out>
  </testcase>
</testsuite>