<?xml version="1.0" encoding="UTF-8"?>
<testsuite xmlns:xsi="http://www.w3.org/2001/XMLSchema-instance" xsi:noNamespaceSchemaLocation="https://maven.apache.org/surefire/maven-surefire-plugin/xsd/surefire-test-report.xsd" version="3.0.2" name="com.code.component.service.ApplicationServiceTest" time="6.988" tests="4" errors="0" skipped="1" failures="0">
  <properties>
[...]
</properties>
  <testcase name="addGradeResultsForSingleClass" classname="com.code.component.service.ApplicationServiceTest" time="0.145">
    <system-out><![CDATA[
  .   ____          _            __ _ _
 /\\ / ___'_ __ _ _(_)_ __  __ _ \ \ \ \
( ( )\___ | '_ | '_| | '_ \/ _` | \ \ \ \
 \\/  ___)| |_)| | | | | || (_| |  ) ) ) )
  '  |____| .__|_| |_|_| |_\__, | / / / /
 =========|_|==============|___/=/_/_/_/

 :: Spring Boot ::                (v3.5.4)

2025-09-18T13:13:30.927-04:00  INFO 24028 --- [           main] c.c.c.service.ApplicationServiceTest     : Starting ApplicationServiceTest using Java 21.0.6 with PID 24028 (started by jcbergman in H:\Lote_proj_SQA\con_test\notaClasesApi)
2025-09-18T13:13:30.948-04:00  INFO 24028 --- [           main] c.c.c.service.ApplicationServiceTest     : No active profile set, falling back to 1 default profile: "default"
2025-09-18T13:13:32.582-04:00  INFO 24028 --- [           main] c.c.c.service.ApplicationServiceTest     : Started ApplicationServiceTest in 3.117 seconds (process running for 7.725)
]]></system-out>
  </testcase>
  <testcase name="tets_Assert_Nol_Null" classname="com.code.component.service.ApplicationServiceTest" time="0.026"/>
  <testcase name="assertEqualsTestFindGpa" classname="com.code.component.service.ApplicationServiceTest" time="0.059"/>
  <testcase name="throw_runtime_Error_Exception" classname="com.code.component.service.ApplicationServiceTest" time="0.0">
    <skipped message="void com.code.component.service.ApplicationServiceTest.throw_runtime_Error_Exception() is @Disabled"/>
  </testcase>
</testsuite>